0 info it worked if it ends with ok
1 verbose cli [ 'C:\\tool\\nvm\\nodejs\\node.exe',
1 verbose cli   'C:\\tool\\nvm\\nodejs\\node_modules\\npm\\bin\\npm-cli.js',
1 verbose cli   'run',
1 verbose cli   'debug' ]
2 info using npm@3.8.6
3 info using node@v6.0.0
4 verbose stack Error: ENOENT: no such file or directory, open 'C:\code\FED\dwweb-pc\2017专题\九州荣耀1802\src\package.json'
4 verbose stack     at Error (native)
5 verbose cwd C:\code\FED\dwweb-pc\2017专题\九州荣耀1802\src
6 error Windows_NT 6.1.7601
7 error argv "C:\\tool\\nvm\\nodejs\\node.exe" "C:\\tool\\nvm\\nodejs\\node_modules\\npm\\bin\\npm-cli.js" "run" "debug"
8 error node v6.0.0
9 error npm  v3.8.6
10 error path C:\code\FED\dwweb-pc\2017专题\九州荣耀1802\src\package.json
11 error code ENOENT
12 error errno -4058
13 error syscall open
14 error enoent ENOENT: no such file or directory, open 'C:\code\FED\dwweb-pc\2017专题\九州荣耀1802\src\package.json'
15 error enoent ENOENT: no such file or directory, open 'C:\code\FED\dwweb-pc\2017专题\九州荣耀1802\src\package.json'
15 error enoent This is most likely not a problem with npm itself
15 error enoent and is related to npm not being able to find a file.
16 verbose exit [ -4058, true ]
